<?xml version="1.0" encoding="UTF-8"?>
<!-- Generated by org.testng.reporters.JUnitReportReporter -->
<testsuite skipped="0" hostname="DESKTOP-27L8JE7" name="com.selenium.MavenProject_August9_30AMBatch.CheckBox1" tests="1" failures="0" timestamp="18 Aug 2020 04:24:54 GMT" time="11.316" errors="0">
  <testcase name="checkboxTest" time="11.316" classname="com.selenium.MavenProject_August9_30AMBatch.CheckBox1"/>
</testsuite> <!-- com.selenium.MavenProject_August9_30AMBatch.CheckBox1 -->
