<?xml version="1.0" encoding="UTF-8"?>
<!-- Generated by org.testng.reporters.JUnitReportReporter -->
<testsuite skipped="1" hostname="DESKTOP-27L8JE7" name="com.selenium.MavenProject_August9_30AMBatch.TestNG001" tests="3" failures="0" timestamp="11 Aug 2020 05:01:43 GMT" time="0.016" errors="0">
  <testcase name="f" time="0.012" classname="com.selenium.MavenProject_August9_30AMBatch.TestNG001"/>
  <testcase name="a" time="0.004" classname="com.selenium.MavenProject_August9_30AMBatch.TestNG001"/>
  <testcase name="z" classname="com.selenium.MavenProject_August9_30AMBatch.TestNG001">
    <skipped/>
  </testcase> <!-- z -->
</testsuite> <!-- com.selenium.MavenProject_August9_30AMBatch.TestNG001 -->
