<?xml version="1.0" encoding="UTF-8"?>
<!-- Generated by org.testng.reporters.JUnitReportReporter -->
<testsuite skipped="0" hostname="DESKTOP-27L8JE7" name="com.selenium.MavenProject_August9_30AMBatch.Class1" tests="1" failures="0" timestamp="14 Aug 2020 05:02:33 GMT" time="0.039" errors="0">
  <testcase name="f" time="0.039" classname="com.selenium.MavenProject_August9_30AMBatch.Class1"/>
</testsuite> <!-- com.selenium.MavenProject_August9_30AMBatch.Class1 -->
