<?xml version="1.0" encoding="UTF-8"?>
<!-- Generated by org.testng.reporters.JUnitReportReporter -->
<testsuite skipped="0" hostname="DESKTOP-27L8JE7" name="com.selenium.MavenProject_August9_30AMBatch.NewTest" tests="1" failures="0" timestamp="11 Aug 2020 04:44:30 GMT" time="0.032" errors="0">
  <testcase name="f" time="0.032" classname="com.selenium.MavenProject_August9_30AMBatch.NewTest"/>
</testsuite> <!-- com.selenium.MavenProject_August9_30AMBatch.NewTest -->
