<?xml version="1.0" encoding="UTF-8"?>
<!-- Generated by org.testng.reporters.JUnitReportReporter -->
<testsuite skipped="2" hostname="DESKTOP-27L8JE7" name="com.selenium.MavenProject_August9_30AMBatch.TestDependency" tests="4" failures="0" timestamp="18 Aug 2020 04:42:04 GMT" time="0.029" errors="0">
  <testcase name="orange" time="0.021" classname="com.selenium.MavenProject_August9_30AMBatch.TestDependency"/>
  <testcase name="white" time="0.002" classname="com.selenium.MavenProject_August9_30AMBatch.TestDependency"/>
  <testcase name="blue" time="0.006" classname="com.selenium.MavenProject_August9_30AMBatch.TestDependency">
    <skipped/>
  </testcase> <!-- blue -->
  <testcase name="green" time="0.000" classname="com.selenium.MavenProject_August9_30AMBatch.TestDependency">
    <skipped/>
  </testcase> <!-- green -->
</testsuite> <!-- com.selenium.MavenProject_August9_30AMBatch.TestDependency -->
