<?xml version="1.0" encoding="UTF-8"?>
<!-- Generated by org.testng.reporters.JUnitReportReporter -->
<testsuite skipped="0" hostname="DESKTOP-27L8JE7" name="com.selenium.MavenProject_August9_30AMBatch.MethodParallelExecution" tests="2" failures="0" timestamp="14 Aug 2020 04:56:40 GMT" time="0.072" errors="0">
  <testcase name="test1" time="0.039" classname="com.selenium.MavenProject_August9_30AMBatch.MethodParallelExecution"/>
  <testcase name="test2" time="0.033" classname="com.selenium.MavenProject_August9_30AMBatch.MethodParallelExecution"/>
</testsuite> <!-- com.selenium.MavenProject_August9_30AMBatch.MethodParallelExecution -->
