<?xml version="1.0" encoding="UTF-8"?>
<!-- Generated by org.testng.reporters.JUnitReportReporter -->
<testsuite skipped="0" hostname="DESKTOP-27L8JE7" name="suiteB.TestB2" tests="1" failures="0" timestamp="14 Aug 2020 04:48:46 GMT" time="2.002" errors="0">
  <testcase name="f" time="2.002" classname="suiteB.TestB2"/>
</testsuite> <!-- suiteB.TestB2 -->
